<?xml version="1.0" encoding="UTF-8"?>
<testng-results ignored="0" total="1" passed="0" failed="1" skipped="0">
  <reporter-output>
  </reporter-output>
  <suite started-at="2023-02-14T10:47:56 IST" name="All the test suit" finished-at="2023-02-14T10:48:22 IST" duration-ms="25801">
    <groups>
      <group name="cucumber">
        <method signature="AbstractTestNGCucumberTests.runScenario(io.cucumber.testng.PickleWrapper,io.cucumber.testng.FeatureWrapper)[pri:0, instance:runnerClass.RunnerClass@43f02ef2]" name="runScenario" class="io.cucumber.testng.AbstractTestNGCucumberTests"/>
      </group> <!-- cucumber -->
    </groups>
    <test started-at="2023-02-14T10:47:56 IST" name="Test" finished-at="2023-02-14T10:48:22 IST" duration-ms="25801">
      <class name="runnerClass.RunnerClass">
        <test-method is-config="true" signature="setUpClass(org.testng.ITestContext)[pri:0, instance:runnerClass.RunnerClass@43f02ef2]" started-at="2023-02-14T10:47:56 IST" name="setUpClass" finished-at="2023-02-14T10:47:57 IST" duration-ms="499" status="PASS">
          <params>
            <param index="0">
              <value>
                <![CDATA[org.testng.TestRunner@26df6e3a]]>
              </value>
            </param>
          </params>
          <reporter-output>
          </reporter-output>
        </test-method> <!-- setUpClass -->
        <test-method signature="runScenario(io.cucumber.testng.PickleWrapper,io.cucumber.testng.FeatureWrapper)[pri:0, instance:runnerClass.RunnerClass@43f02ef2]" started-at="2023-02-14T10:47:57 IST" name="runScenario" description="Runs Cucumber Scenarios" data-provider="scenarios" finished-at="2023-02-14T10:48:22 IST" duration-ms="24928" status="FAIL">
          <params>
            <param index="0">
              <value>
                <![CDATA["Verify the Reason for revised compliance date text box"]]>
              </value>
            </param>
            <param index="1">
              <value>
                <![CDATA["Judgement Field Validation"]]>
              </value>
            </param>
          </params>
          <exception class="java.lang.AssertionError">
            <message>
              <![CDATA[expected [Please enter valid length not more than 32 characters] but found []]]>
            </message>
            <full-stacktrace>
              <![CDATA[java.lang.AssertionError: expected [Please enter valid length not more than 32 characters] but found []
at org.testng.Assert.fail(Assert.java:110)
at org.testng.Assert.failNotEquals(Assert.java:1413)
at org.testng.Assert.assertEqualsImpl(Assert.java:149)
at org.testng.Assert.assertEquals(Assert.java:131)
at org.testng.Assert.assertEquals(Assert.java:655)
at org.testng.Assert.assertEquals(Assert.java:665)
at action.CreateCaseActions.ableToSeeMessage(CreateCaseActions.java:64)
at steps.CreateCaseSteps.userAbleTOSeeMessage(CreateCaseSteps.java:38)
at âœ½.user should able to see "Please enter valid length not more than 32 characters" on "iLMS RevisedComplianceReason Message"(file:///D:/Piramal/Piramal-QA/src/test/resources/Features/JudgementValidation.feature:51)
]]>
            </full-stacktrace>
          </exception> <!-- java.lang.AssertionError -->
          <reporter-output>
          </reporter-output>
        </test-method> <!-- runScenario -->
        <test-method is-config="true" signature="tearDownClass()[pri:0, instance:runnerClass.RunnerClass@43f02ef2]" started-at="2023-02-14T10:48:22 IST" name="tearDownClass" finished-at="2023-02-14T10:48:22 IST" duration-ms="328" status="PASS">
          <reporter-output>
          </reporter-output>
        </test-method> <!-- tearDownClass -->
      </class> <!-- runnerClass.RunnerClass -->
    </test> <!-- Test -->
  </suite> <!-- All the test suit -->
</testng-results>
